Using pre-set license
Built from '2020.2/release' branch; Version is '2020.2.1f1 (270dd8c3da1c) revision 2559448'; Using compiler version '192528614'; Build Type 'Release'
OS: 'Windows 10  (10.0.0) 64bit' Language: 'en' Physical Memory: 32693 MB
BatchMode: 1, IsHumanControllingUs: 0, StartBugReporterOnCrash: 0, Is64bit: 1, IsPro: 0

 COMMAND LINE ARGUMENTS:
C:\Program Files\Unity\Hub\Editor\2020.2.1f1\Editor\Unity.exe
-adb2
-batchMode
-noUpm
-name
AssetImportWorker0
-projectPath
D:/MyRepository/C# .Net/C# Unity Games/TerminatorRailShooter/TerminatorRailShooter
-logFile
Logs/AssetImportWorker0.log
-srvPort
52085
Successfully changed project path to: D:/MyRepository/C# .Net/C# Unity Games/TerminatorRailShooter/TerminatorRailShooter
D:/MyRepository/C# .Net/C# Unity Games/TerminatorRailShooter/TerminatorRailShooter
Using Asset Import Pipeline V2.
Refreshing native plugins compatible for Editor in 34.17 ms, found 0 plugins.
Preloading 0 native plugins for Editor in 0.00 ms.
Initialize engine version: 2020.2.1f1 (270dd8c3da1c)
[Subsystems] Discovering subsystems at path C:/Program Files/Unity/Hub/Editor/2020.2.1f1/Editor/Data/Resources/UnitySubsystems
[Subsystems] Discovering subsystems at path D:/MyRepository/C# .Net/C# Unity Games/TerminatorRailShooter/TerminatorRailShooter/Assets
GfxDevice: creating device client; threaded=0
Direct3D:
    Version:  Direct3D 11.0 [level 11.1]
    Renderer: NVIDIA GeForce RTX 3070 Ti (ID=0x2482)
    Vendor:   
    VRAM:     8042 MB
    Driver:   30.0.15.1259
Initialize mono
Mono path[0] = 'C:/Program Files/Unity/Hub/Editor/2020.2.1f1/Editor/Data/Managed'
Mono path[1] = 'C:/Program Files/Unity/Hub/Editor/2020.2.1f1/Editor/Data/MonoBleedingEdge/lib/mono/unityjit'
Mono config path = 'C:/Program Files/Unity/Hub/Editor/2020.2.1f1/Editor/Data/MonoBleedingEdge/etc'
Using monoOptions --debugger-agent=transport=dt_socket,embedding=1,server=y,suspend=n,address=127.0.0.1:56624
Begin MonoManager ReloadAssembly
Registering precompiled unity dll's ...
Register platform support module: C:/Program Files/Unity/Hub/Editor/2020.2.1f1/Editor/Data/PlaybackEngines/WindowsStandaloneSupport/UnityEditor.WindowsStandalone.Extensions.dll
Registered in 0.001107 seconds.
Native extension for WindowsStandalone target not found
Refreshing native plugins compatible for Editor in 33.00 ms, found 0 plugins.
Preloading 0 native plugins for Editor in 0.00 ms.
Invoked RoslynAnalysisRunner static constructor.
RoslynAnalysisRunner will not be running.
RoslynAnalysisRunner has terminated.
Mono: successfully reloaded assembly
- Completed reload, in  1.353 seconds
Platform modules already initialized, skipping
Registering precompiled user dll's ...
Registered in 0.000486 seconds.
Begin MonoManager ReloadAssembly
Native extension for WindowsStandalone target not found
Refreshing native plugins compatible for Editor in 0.36 ms, found 0 plugins.
Preloading 0 native plugins for Editor in 0.00 ms.
Invoked RoslynAnalysisRunner static constructor.
RoslynAnalysisRunner will not be running.
RoslynAnalysisRunner has terminated.
Mono: successfully reloaded assembly
- Completed reload, in  0.701 seconds
Platform modules already initialized, skipping
========================================================================
Worker process is ready to serve import requests
Launched and connected shader compiler UnityShaderCompiler.exe after 0.03 seconds
Refreshing native plugins compatible for Editor in 0.56 ms, found 0 plugins.
Preloading 0 native plugins for Editor in 0.00 ms.
Unloading 1751 Unused Serialized files (Serialized files now loaded: 0)
System memory in use before: 163.5 MB.
System memory in use after: 163.6 MB.

Unloading 80 unused Assets to reduce memory usage. Loaded Objects now: 2204.
Total: 2.297400 ms (FindLiveObjects: 0.208900 ms CreateObjectMapping: 0.040900 ms MarkObjects: 1.839000 ms  DeleteObjects: 0.208000 ms)

========================================================================
Received Import Request.
  path: Assets/_Game/Scripts/ExplosionDamage.cs
  artifactKey: Guid(3a2778142c1ed8141b8cbfa8e3daedbb) Importer(815301076,1909f56bfc062723c751e8b465ee728b)
Start importing Assets/_Game/Scripts/ExplosionDamage.cs using Guid(3a2778142c1ed8141b8cbfa8e3daedbb) Importer(815301076,1909f56bfc062723c751e8b465ee728b)  -> (artifact id: '254b07760c705e88aecc933f2b706b2a') in 0.042729 seconds
  Import took 0.045355 seconds .

========================================================================
Received Prepare
Registering precompiled user dll's ...
Registered in 0.000624 seconds.
Begin MonoManager ReloadAssembly
Native extension for WindowsStandalone target not found
Refreshing native plugins compatible for Editor in 0.38 ms, found 0 plugins.
Preloading 0 native plugins for Editor in 0.00 ms.
Warning: Annotation not found!
UnityEngine.StackTraceUtility:ExtractStackTrace ()
UnityEditor.ProBuilder.EditorUtility:SetGizmoIconEnabled (System.Type,bool) (at D:/GEngines and Packs/Unity Projects/TerminatorRailShooter/Library/PackageCache/com.unity.probuilder@4.4.0/Editor/EditorCore/EditorUtility.cs:593)
UnityEditor.ProBuilder.HierarchyListener:.cctor () (at D:/GEngines and Packs/Unity Projects/TerminatorRailShooter/Library/PackageCache/com.unity.probuilder@4.4.0/Editor/EditorCore/HierarchyListener.cs:21)
System.Runtime.CompilerServices.RuntimeHelpers:RunClassConstructor (System.RuntimeTypeHandle)
UnityEditor.EditorAssemblies:ProcessInitializeOnLoadAttributes (System.Type[])

[D:/GEngines and Packs/Unity Projects/TerminatorRailShooter/Library/PackageCache/com.unity.probuilder@4.4.0/Editor/EditorCore/EditorUtility.cs line 593]

Invoked RoslynAnalysisRunner static constructor.
RoslynAnalysisRunner will not be running.
RoslynAnalysisRunner has terminated.
Mono: successfully reloaded assembly
- Completed reload, in  0.655 seconds
Platform modules already initialized, skipping
Refreshing native plugins compatible for Editor in 0.36 ms, found 0 plugins.
Preloading 0 native plugins for Editor in 0.00 ms.
Unloading 1673 Unused Serialized files (Serialized files now loaded: 0)
System memory in use before: 159.1 MB.
System memory in use after: 159.2 MB.

Unloading 5 unused Assets to reduce memory usage. Loaded Objects now: 2206.
Total: 1.958800 ms (FindLiveObjects: 0.188600 ms CreateObjectMapping: 0.043400 ms MarkObjects: 1.625500 ms  DeleteObjects: 0.100500 ms)

========================================================================
Received Import Request.
  Time since last request: 167.748640 seconds.
  path: Assets/_Game/Scripts/PlayerScript.cs
  artifactKey: Guid(d46489fc0ca6adc448c98597d8e04911) Importer(815301076,1909f56bfc062723c751e8b465ee728b)
Start importing Assets/_Game/Scripts/PlayerScript.cs using Guid(d46489fc0ca6adc448c98597d8e04911) Importer(815301076,1909f56bfc062723c751e8b465ee728b)  -> (artifact id: '0dcd0bbd2ec64eb086b69675c76d53ec') in 0.007072 seconds
  Import took 0.010131 seconds .

========================================================================
Received Import Request.
  Time since last request: 78.783870 seconds.
  path: Assets/_Game/Scripts/GameManager.cs
  artifactKey: Guid(c96c1df9b6322d24d937d6c054b27aac) Importer(815301076,1909f56bfc062723c751e8b465ee728b)
Start importing Assets/_Game/Scripts/GameManager.cs using Guid(c96c1df9b6322d24d937d6c054b27aac) Importer(815301076,1909f56bfc062723c751e8b465ee728b)  -> (artifact id: 'b23ca9f449acbf14cec3b580707b1107') in 0.004992 seconds
  Import took 0.007545 seconds .

AssetImportWorkerClient::OnTransportError - code=2 error=End of file
